{
"/Users/ozan/code/p/lib/Connection.js":{"path":"/Users/ozan/code/p/lib/Connection.js","s":{"1":1,"2":1,"3":3,"4":1,"5":37,"6":32,"7":30,"8":30,"9":30,"10":15,"11":15,"12":15,"13":0,"14":30,"15":15,"16":1,"17":1,"18":1,"19":1,"20":0,"21":0,"22":1,"23":0,"24":0,"25":1,"26":1,"27":3,"28":1,"29":3,"30":1,"31":0,"32":1,"33":2,"34":1,"35":2,"36":1,"37":2,"38":2,"39":2,"40":2,"41":1,"42":1,"43":2,"44":2,"45":1,"46":1,"47":1,"48":0,"49":1,"50":3,"51":1,"52":1,"53":1,"54":0,"55":0,"56":1,"57":1,"58":1,"59":1,"60":0,"61":0,"62":1,"63":1,"64":4,"65":1,"66":3,"67":3,"68":3,"69":2,"70":2,"71":3,"72":3,"73":3,"74":1,"75":1,"76":1,"77":0,"78":0,"79":1,"80":1,"81":1,"82":1,"83":1,"84":1},"b":{"1":[15,15],"2":[15,0],"3":[0,15],"4":[15,15],"5":[1,1],"6":[2,2],"7":[0,1],"8":[0,1],"9":[1,3],"10":[0,1]},"f":{"1":3,"2":37,"3":0,"4":0,"5":3,"6":3,"7":0,"8":2,"9":2,"10":1,"11":1,"12":0,"13":3,"14":1,"15":1,"16":4,"17":2,"18":1,"19":1},"fnMap":{"1":{"name":"notImplemented","line":5,"loc":{"start":{"line":5,"column":0},"end":{"line":5,"column":25}}},"2":{"name":"Connection","line":9,"loc":{"start":{"line":9,"column":0},"end":{"line":9,"column":44}}},"3":{"name":"(anonymous_3)","line":31,"loc":{"start":{"line":31,"column":26},"end":{"line":31,"column":36}}},"4":{"name":"(anonymous_4)","line":36,"loc":{"start":{"line":36,"column":38},"end":{"line":36,"column":48}}},"5":{"name":"(anonymous_5)","line":43,"loc":{"start":{"line":43,"column":31},"end":{"line":43,"column":48}}},"6":{"name":"(anonymous_6)","line":47,"loc":{"start":{"line":47,"column":31},"end":{"line":47,"column":45}}},"7":{"name":"(anonymous_7)","line":51,"loc":{"start":{"line":51,"column":32},"end":{"line":51,"column":43}}},"8":{"name":"isString","line":55,"loc":{"start":{"line":55,"column":0},"end":{"line":55,"column":28}}},"9":{"name":"(anonymous_9)","line":59,"loc":{"start":{"line":59,"column":31},"end":{"line":59,"column":47}}},"10":{"name":"(anonymous_10)","line":72,"loc":{"start":{"line":72,"column":18},"end":{"line":72,"column":28}}},"11":{"name":"(anonymous_11)","line":82,"loc":{"start":{"line":82,"column":35},"end":{"line":82,"column":52}}},"12":{"name":"(anonymous_12)","line":86,"loc":{"start":{"line":86,"column":39},"end":{"line":86,"column":56}}},"13":{"name":"(anonymous_13)","line":90,"loc":{"start":{"line":90,"column":43},"end":{"line":90,"column":74}}},"14":{"name":"(anonymous_14)","line":94,"loc":{"start":{"line":94,"column":33},"end":{"line":94,"column":63}}},"15":{"name":"(anonymous_15)","line":105,"loc":{"start":{"line":105,"column":47},"end":{"line":105,"column":79}}},"16":{"name":"(anonymous_16)","line":116,"loc":{"start":{"line":116,"column":40},"end":{"line":116,"column":80}}},"17":{"name":"(anonymous_17)","line":124,"loc":{"start":{"line":124,"column":18},"end":{"line":124,"column":28}}},"18":{"name":"(anonymous_18)","line":135,"loc":{"start":{"line":135,"column":41},"end":{"line":135,"column":75}}},"19":{"name":"(anonymous_19)","line":149,"loc":{"start":{"line":149,"column":30},"end":{"line":149,"column":40}}}},"statementMap":{"1":{"start":{"line":1,"column":0},"end":{"line":3,"column":42}},"2":{"start":{"line":5,"column":0},"end":{"line":7,"column":1}},"3":{"start":{"line":6,"column":1},"end":{"line":6,"column":51}},"4":{"start":{"line":9,"column":0},"end":{"line":22,"column":1}},"5":{"start":{"line":10,"column":1},"end":{"line":10,"column":21}},"6":{"start":{"line":11,"column":1},"end":{"line":11,"column":20}},"7":{"start":{"line":13,"column":1},"end":{"line":13,"column":24}},"8":{"start":{"line":14,"column":1},"end":{"line":14,"column":20}},"9":{"start":{"line":16,"column":1},"end":{"line":19,"column":2}},"10":{"start":{"line":17,"column":2},"end":{"line":17,"column":53}},"11":{"start":{"line":17,"column":22},"end":{"line":17,"column":53}},"12":{"start":{"line":18,"column":2},"end":{"line":18,"column":67}},"13":{"start":{"line":18,"column":23},"end":{"line":18,"column":67}},"14":{"start":{"line":21,"column":1},"end":{"line":21,"column":59}},"15":{"start":{"line":21,"column":19},"end":{"line":21,"column":59}},"16":{"start":{"line":25,"column":0},"end":{"line":25,"column":41}},"17":{"start":{"line":27,"column":0},"end":{"line":27,"column":29}},"18":{"start":{"line":29,"column":0},"end":{"line":29,"column":61}},"19":{"start":{"line":31,"column":0},"end":{"line":34,"column":2}},"20":{"start":{"line":32,"column":1},"end":{"line":32,"column":48}},"21":{"start":{"line":33,"column":1},"end":{"line":33,"column":13}},"22":{"start":{"line":36,"column":0},"end":{"line":39,"column":2}},"23":{"start":{"line":37,"column":1},"end":{"line":37,"column":60}},"24":{"start":{"line":38,"column":1},"end":{"line":38,"column":13}},"25":{"start":{"line":41,"column":0},"end":{"line":41,"column":64}},"26":{"start":{"line":43,"column":0},"end":{"line":45,"column":2}},"27":{"start":{"line":44,"column":1},"end":{"line":44,"column":32}},"28":{"start":{"line":47,"column":0},"end":{"line":49,"column":2}},"29":{"start":{"line":48,"column":1},"end":{"line":48,"column":29}},"30":{"start":{"line":51,"column":0},"end":{"line":53,"column":2}},"31":{"start":{"line":52,"column":1},"end":{"line":52,"column":25}},"32":{"start":{"line":55,"column":0},"end":{"line":57,"column":1}},"33":{"start":{"line":56,"column":1},"end":{"line":56,"column":72}},"34":{"start":{"line":59,"column":0},"end":{"line":80,"column":2}},"35":{"start":{"line":60,"column":1},"end":{"line":62,"column":2}},"36":{"start":{"line":61,"column":2},"end":{"line":61,"column":29}},"37":{"start":{"line":64,"column":1},"end":{"line":66,"column":91}},"38":{"start":{"line":68,"column":1},"end":{"line":68,"column":25}},"39":{"start":{"line":70,"column":1},"end":{"line":70,"column":22}},"40":{"start":{"line":72,"column":1},"end":{"line":75,"column":4}},"41":{"start":{"line":73,"column":2},"end":{"line":73,"column":26}},"42":{"start":{"line":74,"column":2},"end":{"line":74,"column":43}},"43":{"start":{"line":77,"column":1},"end":{"line":77,"column":39}},"44":{"start":{"line":79,"column":1},"end":{"line":79,"column":13}},"45":{"start":{"line":82,"column":0},"end":{"line":84,"column":2}},"46":{"start":{"line":83,"column":1},"end":{"line":83,"column":39}},"47":{"start":{"line":86,"column":0},"end":{"line":88,"column":2}},"48":{"start":{"line":87,"column":1},"end":{"line":87,"column":43}},"49":{"start":{"line":90,"column":0},"end":{"line":92,"column":2}},"50":{"start":{"line":91,"column":1},"end":{"line":91,"column":13}},"51":{"start":{"line":94,"column":0},"end":{"line":103,"column":2}},"52":{"start":{"line":95,"column":1},"end":{"line":95,"column":38}},"53":{"start":{"line":97,"column":1},"end":{"line":100,"column":2}},"54":{"start":{"line":98,"column":2},"end":{"line":98,"column":83}},"55":{"start":{"line":99,"column":2},"end":{"line":99,"column":9}},"56":{"start":{"line":102,"column":1},"end":{"line":102,"column":49}},"57":{"start":{"line":105,"column":0},"end":{"line":114,"column":2}},"58":{"start":{"line":106,"column":1},"end":{"line":106,"column":38}},"59":{"start":{"line":108,"column":1},"end":{"line":111,"column":2}},"60":{"start":{"line":109,"column":2},"end":{"line":109,"column":83}},"61":{"start":{"line":110,"column":2},"end":{"line":110,"column":9}},"62":{"start":{"line":113,"column":1},"end":{"line":113,"column":34}},"63":{"start":{"line":116,"column":0},"end":{"line":133,"column":2}},"64":{"start":{"line":117,"column":1},"end":{"line":117,"column":63}},"65":{"start":{"line":117,"column":50},"end":{"line":117,"column":63}},"66":{"start":{"line":119,"column":1},"end":{"line":120,"column":111}},"67":{"start":{"line":122,"column":1},"end":{"line":122,"column":20}},"68":{"start":{"line":124,"column":1},"end":{"line":127,"column":4}},"69":{"start":{"line":125,"column":2},"end":{"line":125,"column":26}},"70":{"start":{"line":126,"column":2},"end":{"line":126,"column":43}},"71":{"start":{"line":129,"column":1},"end":{"line":129,"column":29}},"72":{"start":{"line":130,"column":1},"end":{"line":130,"column":20}},"73":{"start":{"line":132,"column":1},"end":{"line":132,"column":39}},"74":{"start":{"line":135,"column":0},"end":{"line":144,"column":2}},"75":{"start":{"line":136,"column":1},"end":{"line":136,"column":38}},"76":{"start":{"line":138,"column":1},"end":{"line":141,"column":2}},"77":{"start":{"line":139,"column":2},"end":{"line":139,"column":83}},"78":{"start":{"line":140,"column":2},"end":{"line":140,"column":9}},"79":{"start":{"line":143,"column":1},"end":{"line":143,"column":30}},"80":{"start":{"line":146,"column":0},"end":{"line":146,"column":44}},"81":{"start":{"line":147,"column":0},"end":{"line":147,"column":52}},"82":{"start":{"line":149,"column":0},"end":{"line":151,"column":2}},"83":{"start":{"line":150,"column":1},"end":{"line":150,"column":40}},"84":{"start":{"line":153,"column":0},"end":{"line":153,"column":28}}},"branchMap":{"1":{"line":16,"type":"if","locations":[{"start":{"line":16,"column":1},"end":{"line":16,"column":1}},{"start":{"line":16,"column":1},"end":{"line":16,"column":1}}]},"2":{"line":17,"type":"if","locations":[{"start":{"line":17,"column":2},"end":{"line":17,"column":2}},{"start":{"line":17,"column":2},"end":{"line":17,"column":2}}]},"3":{"line":18,"type":"if","locations":[{"start":{"line":18,"column":2},"end":{"line":18,"column":2}},{"start":{"line":18,"column":2},"end":{"line":18,"column":2}}]},"4":{"line":21,"type":"if","locations":[{"start":{"line":21,"column":1},"end":{"line":21,"column":1}},{"start":{"line":21,"column":1},"end":{"line":21,"column":1}}]},"5":{"line":60,"type":"if","locations":[{"start":{"line":60,"column":1},"end":{"line":60,"column":1}},{"start":{"line":60,"column":1},"end":{"line":60,"column":1}}]},"6":{"line":65,"type":"binary-expr","locations":[{"start":{"line":65,"column":13},"end":{"line":65,"column":28}},{"start":{"line":65,"column":32},"end":{"line":65,"column":45}}]},"7":{"line":97,"type":"if","locations":[{"start":{"line":97,"column":1},"end":{"line":97,"column":1}},{"start":{"line":97,"column":1},"end":{"line":97,"column":1}}]},"8":{"line":108,"type":"if","locations":[{"start":{"line":108,"column":1},"end":{"line":108,"column":1}},{"start":{"line":108,"column":1},"end":{"line":108,"column":1}}]},"9":{"line":117,"type":"if","locations":[{"start":{"line":117,"column":1},"end":{"line":117,"column":1}},{"start":{"line":117,"column":1},"end":{"line":117,"column":1}}]},"10":{"line":138,"type":"if","locations":[{"start":{"line":138,"column":1},"end":{"line":138,"column":1}},{"start":{"line":138,"column":1},"end":{"line":138,"column":1}}]}},"l":{"1":1,"5":1,"6":3,"9":1,"10":37,"11":32,"13":30,"14":30,"16":30,"17":15,"18":15,"21":30,"25":1,"27":1,"29":1,"31":1,"32":0,"33":0,"36":1,"37":0,"38":0,"41":1,"43":1,"44":3,"47":1,"48":3,"51":1,"52":0,"55":1,"56":2,"59":1,"60":2,"61":1,"64":2,"68":2,"70":2,"72":2,"73":1,"74":1,"77":2,"79":2,"82":1,"83":1,"86":1,"87":0,"90":1,"91":3,"94":1,"95":1,"97":1,"98":0,"99":0,"102":1,"105":1,"106":1,"108":1,"109":0,"110":0,"113":1,"116":1,"117":4,"119":3,"122":3,"124":3,"125":2,"126":2,"129":3,"130":3,"132":3,"135":1,"136":1,"138":1,"139":0,"140":0,"143":1,"146":1,"147":1,"149":1,"150":1,"153":1}},
"/Users/ozan/code/p/lib/JSONProtocol.js":{"path":"/Users/ozan/code/p/lib/JSONProtocol.js","s":{"1":1,"2":7,"3":1,"4":1,"5":1,"6":1,"7":2,"8":1,"9":1,"10":1,"11":7,"12":7,"13":1,"14":1,"15":3,"16":3,"17":1,"18":1,"19":2,"20":1,"21":3,"22":3,"23":1,"24":1,"25":1,"26":1,"27":1,"28":1,"29":0,"30":1,"31":1,"32":1,"33":1,"34":1,"35":1,"36":1,"37":1,"38":1,"39":1,"40":1,"41":2,"42":1,"43":1,"44":1,"45":1,"46":1,"47":0,"48":1,"49":0,"50":1,"51":0,"52":1,"53":0,"54":1,"55":0,"56":1},"b":{"1":[1,1],"2":[1,3,1,2],"3":[1,1,1,0],"4":[1,1]},"f":{"1":7,"2":10,"3":2,"4":7,"5":3,"6":1,"7":2,"8":1,"9":0,"10":0,"11":0,"12":0,"13":0},"fnMap":{"1":{"name":"notImplemented","line":1,"loc":{"start":{"line":1,"column":0},"end":{"line":1,"column":25}}},"2":{"name":"JSONProtocol","line":5,"loc":{"start":{"line":5,"column":0},"end":{"line":5,"column":23}}},"3":{"name":"(anonymous_3)","line":20,"loc":{"start":{"line":20,"column":33},"end":{"line":20,"column":50}}},"4":{"name":"(anonymous_4)","line":28,"loc":{"start":{"line":28,"column":45},"end":{"line":28,"column":62}}},"5":{"name":"(anonymous_5)","line":60,"loc":{"start":{"line":60,"column":44},"end":{"line":60,"column":69}}},"6":{"name":"(anonymous_6)","line":95,"loc":{"start":{"line":95,"column":46},"end":{"line":95,"column":63}}},"7":{"name":"(anonymous_7)","line":100,"loc":{"start":{"line":100,"column":38},"end":{"line":100,"column":55}}},"8":{"name":"(anonymous_8)","line":108,"loc":{"start":{"line":108,"column":44},"end":{"line":108,"column":61}}},"9":{"name":"(anonymous_9)","line":115,"loc":{"start":{"line":115,"column":45},"end":{"line":115,"column":70}}},"10":{"name":"(anonymous_10)","line":123,"loc":{"start":{"line":123,"column":43},"end":{"line":123,"column":73}}},"11":{"name":"(anonymous_11)","line":131,"loc":{"start":{"line":131,"column":42},"end":{"line":131,"column":76}}},"12":{"name":"(anonymous_12)","line":138,"loc":{"start":{"line":138,"column":48},"end":{"line":138,"column":80}}},"13":{"name":"(anonymous_13)","line":145,"loc":{"start":{"line":145,"column":41},"end":{"line":145,"column":81}}}},"statementMap":{"1":{"start":{"line":1,"column":0},"end":{"line":3,"column":1}},"2":{"start":{"line":2,"column":1},"end":{"line":2,"column":51}},"3":{"start":{"line":5,"column":0},"end":{"line":5,"column":25}},"4":{"start":{"line":7,"column":0},"end":{"line":7,"column":43}},"5":{"start":{"line":9,"column":0},"end":{"line":18,"column":2}},"6":{"start":{"line":20,"column":0},"end":{"line":26,"column":2}},"7":{"start":{"line":21,"column":1},"end":{"line":25,"column":2}},"8":{"start":{"line":22,"column":2},"end":{"line":22,"column":32}},"9":{"start":{"line":24,"column":2},"end":{"line":24,"column":48}},"10":{"start":{"line":28,"column":0},"end":{"line":58,"column":2}},"11":{"start":{"line":29,"column":1},"end":{"line":30,"column":27}},"12":{"start":{"line":32,"column":1},"end":{"line":57,"column":2}},"13":{"start":{"line":35,"column":3},"end":{"line":35,"column":32}},"14":{"start":{"line":36,"column":3},"end":{"line":36,"column":9}},"15":{"start":{"line":43,"column":3},"end":{"line":43,"column":51}},"16":{"start":{"line":44,"column":3},"end":{"line":44,"column":9}},"17":{"start":{"line":52,"column":3},"end":{"line":52,"column":42}},"18":{"start":{"line":53,"column":3},"end":{"line":53,"column":9}},"19":{"start":{"line":56,"column":3},"end":{"line":56,"column":59}},"20":{"start":{"line":60,"column":0},"end":{"line":83,"column":2}},"21":{"start":{"line":61,"column":1},"end":{"line":62,"column":27}},"22":{"start":{"line":64,"column":1},"end":{"line":82,"column":2}},"23":{"start":{"line":67,"column":3},"end":{"line":67,"column":57}},"24":{"start":{"line":68,"column":3},"end":{"line":68,"column":9}},"25":{"start":{"line":72,"column":3},"end":{"line":72,"column":46}},"26":{"start":{"line":73,"column":3},"end":{"line":73,"column":9}},"27":{"start":{"line":77,"column":3},"end":{"line":77,"column":52}},"28":{"start":{"line":78,"column":3},"end":{"line":78,"column":9}},"29":{"start":{"line":81,"column":3},"end":{"line":81,"column":59}},"30":{"start":{"line":85,"column":0},"end":{"line":85,"column":52}},"31":{"start":{"line":86,"column":0},"end":{"line":86,"column":56}},"32":{"start":{"line":87,"column":0},"end":{"line":87,"column":50}},"33":{"start":{"line":89,"column":0},"end":{"line":89,"column":57}},"34":{"start":{"line":90,"column":0},"end":{"line":90,"column":58}},"35":{"start":{"line":91,"column":0},"end":{"line":91,"column":64}},"36":{"start":{"line":93,"column":0},"end":{"line":93,"column":49}},"37":{"start":{"line":95,"column":0},"end":{"line":98,"column":2}},"38":{"start":{"line":96,"column":1},"end":{"line":96,"column":49}},"39":{"start":{"line":97,"column":1},"end":{"line":97,"column":34}},"40":{"start":{"line":100,"column":0},"end":{"line":106,"column":2}},"41":{"start":{"line":101,"column":1},"end":{"line":105,"column":2}},"42":{"start":{"line":102,"column":2},"end":{"line":102,"column":25}},"43":{"start":{"line":104,"column":2},"end":{"line":104,"column":35}},"44":{"start":{"line":108,"column":0},"end":{"line":113,"column":2}},"45":{"start":{"line":109,"column":1},"end":{"line":112,"column":4}},"46":{"start":{"line":115,"column":0},"end":{"line":121,"column":2}},"47":{"start":{"line":116,"column":1},"end":{"line":120,"column":4}},"48":{"start":{"line":123,"column":0},"end":{"line":129,"column":2}},"49":{"start":{"line":124,"column":1},"end":{"line":128,"column":4}},"50":{"start":{"line":131,"column":0},"end":{"line":136,"column":2}},"51":{"start":{"line":132,"column":1},"end":{"line":135,"column":4}},"52":{"start":{"line":138,"column":0},"end":{"line":143,"column":2}},"53":{"start":{"line":139,"column":1},"end":{"line":142,"column":4}},"54":{"start":{"line":145,"column":0},"end":{"line":151,"column":2}},"55":{"start":{"line":146,"column":1},"end":{"line":150,"column":4}},"56":{"start":{"line":153,"column":0},"end":{"line":153,"column":30}}},"branchMap":{"1":{"line":21,"type":"if","locations":[{"start":{"line":21,"column":1},"end":{"line":21,"column":1}},{"start":{"line":21,"column":1},"end":{"line":21,"column":1}}]},"2":{"line":32,"type":"switch","locations":[{"start":{"line":34,"column":2},"end":{"line":36,"column":9}},{"start":{"line":42,"column":2},"end":{"line":44,"column":9}},{"start":{"line":51,"column":2},"end":{"line":53,"column":9}},{"start":{"line":55,"column":2},"end":{"line":56,"column":59}}]},"3":{"line":64,"type":"switch","locations":[{"start":{"line":66,"column":2},"end":{"line":68,"column":9}},{"start":{"line":71,"column":2},"end":{"line":73,"column":9}},{"start":{"line":76,"column":2},"end":{"line":78,"column":9}},{"start":{"line":80,"column":2},"end":{"line":81,"column":59}}]},"4":{"line":101,"type":"if","locations":[{"start":{"line":101,"column":1},"end":{"line":101,"column":1}},{"start":{"line":101,"column":1},"end":{"line":101,"column":1}}]}},"l":{"1":1,"2":7,"5":1,"7":1,"9":1,"20":1,"21":2,"22":1,"24":1,"28":1,"29":7,"32":7,"35":1,"36":1,"43":3,"44":3,"52":1,"53":1,"56":2,"60":1,"61":3,"64":3,"67":1,"68":1,"72":1,"73":1,"77":1,"78":1,"81":0,"85":1,"86":1,"87":1,"89":1,"90":1,"91":1,"93":1,"95":1,"96":1,"97":1,"100":1,"101":2,"102":1,"104":1,"108":1,"109":1,"115":1,"116":0,"123":1,"124":0,"131":1,"132":0,"138":1,"139":0,"145":1,"146":0,"153":1}},
"/Users/ozan/code/p/lib/ConnectionManager.js":{"path":"/Users/ozan/code/p/lib/ConnectionManager.js","s":{"1":1,"2":1,"3":1,"4":10,"5":10,"6":1,"7":10,"8":9,"9":1,"10":1,"11":11,"12":11,"13":11,"14":10,"15":2,"16":8,"17":8,"18":8,"19":8,"20":1,"21":1,"22":4,"23":4,"24":4,"25":4,"26":4,"27":2,"28":2,"29":2,"30":2,"31":2,"32":2,"33":1,"34":1},"b":{"1":[9,1],"2":[2,8],"3":[2,2],"4":[4,3]},"f":{"1":8,"2":10,"3":10,"4":11,"5":4},"fnMap":{"1":{"name":"noop","line":3,"loc":{"start":{"line":3,"column":0},"end":{"line":3,"column":15}}},"2":{"name":"ConnectionManager","line":5,"loc":{"start":{"line":5,"column":0},"end":{"line":5,"column":28}}},"3":{"name":"(anonymous_3)","line":10,"loc":{"start":{"line":10,"column":34},"end":{"line":10,"column":51}}},"4":{"name":"(anonymous_4)","line":16,"loc":{"start":{"line":16,"column":34},"end":{"line":16,"column":55}}},"5":{"name":"(anonymous_5)","line":32,"loc":{"start":{"line":32,"column":37},"end":{"line":32,"column":57}}}},"statementMap":{"1":{"start":{"line":1,"column":0},"end":{"line":1,"column":25}},"2":{"start":{"line":3,"column":0},"end":{"line":3,"column":17}},"3":{"start":{"line":5,"column":0},"end":{"line":8,"column":1}},"4":{"start":{"line":6,"column":1},"end":{"line":6,"column":25}},"5":{"start":{"line":7,"column":1},"end":{"line":7,"column":26}},"6":{"start":{"line":10,"column":0},"end":{"line":14,"column":2}},"7":{"start":{"line":11,"column":1},"end":{"line":11,"column":62}},"8":{"start":{"line":11,"column":27},"end":{"line":11,"column":62}},"9":{"start":{"line":13,"column":1},"end":{"line":13,"column":36}},"10":{"start":{"line":16,"column":0},"end":{"line":29,"column":2}},"11":{"start":{"line":17,"column":1},"end":{"line":17,"column":25}},"12":{"start":{"line":19,"column":1},"end":{"line":19,"column":34}},"13":{"start":{"line":20,"column":1},"end":{"line":20,"column":21}},"14":{"start":{"line":22,"column":1},"end":{"line":22,"column":48}},"15":{"start":{"line":22,"column":35},"end":{"line":22,"column":48}},"16":{"start":{"line":24,"column":1},"end":{"line":24,"column":42}},"17":{"start":{"line":25,"column":1},"end":{"line":25,"column":38}},"18":{"start":{"line":27,"column":1},"end":{"line":27,"column":24}},"19":{"start":{"line":28,"column":1},"end":{"line":28,"column":13}},"20":{"start":{"line":30,"column":0},"end":{"line":30,"column":41}},"21":{"start":{"line":32,"column":0},"end":{"line":48,"column":2}},"22":{"start":{"line":33,"column":1},"end":{"line":33,"column":25}},"23":{"start":{"line":35,"column":1},"end":{"line":35,"column":34}},"24":{"start":{"line":36,"column":1},"end":{"line":36,"column":21}},"25":{"start":{"line":38,"column":1},"end":{"line":38,"column":52}},"26":{"start":{"line":39,"column":1},"end":{"line":39,"column":71}},"27":{"start":{"line":39,"column":58},"end":{"line":39,"column":71}},"28":{"start":{"line":41,"column":1},"end":{"line":41,"column":36}},"29":{"start":{"line":43,"column":1},"end":{"line":43,"column":53}},"30":{"start":{"line":44,"column":1},"end":{"line":44,"column":38}},"31":{"start":{"line":46,"column":1},"end":{"line":46,"column":27}},"32":{"start":{"line":47,"column":1},"end":{"line":47,"column":13}},"33":{"start":{"line":49,"column":0},"end":{"line":49,"column":44}},"34":{"start":{"line":51,"column":0},"end":{"line":51,"column":35}}},"branchMap":{"1":{"line":11,"type":"if","locations":[{"start":{"line":11,"column":1},"end":{"line":11,"column":1}},{"start":{"line":11,"column":1},"end":{"line":11,"column":1}}]},"2":{"line":22,"type":"if","locations":[{"start":{"line":22,"column":1},"end":{"line":22,"column":1}},{"start":{"line":22,"column":1},"end":{"line":22,"column":1}}]},"3":{"line":39,"type":"if","locations":[{"start":{"line":39,"column":1},"end":{"line":39,"column":1}},{"start":{"line":39,"column":1},"end":{"line":39,"column":1}}]},"4":{"line":39,"type":"binary-expr","locations":[{"start":{"line":39,"column":4},"end":{"line":39,"column":21}},{"start":{"line":39,"column":25},"end":{"line":39,"column":56}}]}},"l":{"1":1,"3":1,"5":1,"6":10,"7":10,"10":1,"11":10,"13":1,"16":1,"17":11,"19":11,"20":11,"22":10,"24":8,"25":8,"27":8,"28":8,"30":1,"32":1,"33":4,"35":4,"36":4,"38":4,"39":4,"41":2,"43":2,"44":2,"46":2,"47":2,"49":1,"51":1}},
"/Users/ozan/code/p/lib/init.js":{"path":"/Users/ozan/code/p/lib/init.js","s":{"1":1},"b":{},"f":{},"fnMap":{},"statementMap":{"1":{"start":{"line":1,"column":0},"end":{"line":1,"column":18}}},"branchMap":{},"l":{"1":1}},
"/Users/ozan/code/p/lib/P.js":{"path":"/Users/ozan/code/p/lib/P.js","s":{"1":1,"2":1,"3":1,"4":10,"5":9,"6":9,"7":9,"8":9,"9":1,"10":9,"11":1,"12":9,"13":0,"14":1,"15":2,"16":2,"17":1,"18":1,"19":1,"20":2,"21":2,"22":2,"23":2,"24":1,"25":2,"26":1,"27":2,"28":2,"29":1,"30":1,"31":1,"32":1},"b":{"1":[0,9],"2":[9,0]},"f":{"1":10,"2":1,"3":1,"4":2,"5":1,"6":2,"7":1,"8":2,"9":1},"fnMap":{"1":{"name":"P","line":8,"loc":{"start":{"line":8,"column":0},"end":{"line":8,"column":47}}},"2":{"name":"(anonymous_2)","line":15,"loc":{"start":{"line":15,"column":20},"end":{"line":15,"column":34}}},"3":{"name":"(anonymous_3)","line":19,"loc":{"start":{"line":19,"column":23},"end":{"line":19,"column":37}}},"4":{"name":"(anonymous_4)","line":26,"loc":{"start":{"line":26,"column":11},"end":{"line":26,"column":28}}},"5":{"name":"(anonymous_5)","line":33,"loc":{"start":{"line":33,"column":23},"end":{"line":33,"column":33}}},"6":{"name":"(anonymous_6)","line":37,"loc":{"start":{"line":37,"column":22},"end":{"line":37,"column":39}}},"7":{"name":"(anonymous_7)","line":45,"loc":{"start":{"line":45,"column":18},"end":{"line":45,"column":28}}},"8":{"name":"(anonymous_8)","line":52,"loc":{"start":{"line":52,"column":17},"end":{"line":52,"column":27}}},"9":{"name":"(anonymous_9)","line":57,"loc":{"start":{"line":57,"column":29},"end":{"line":57,"column":39}}}},"statementMap":{"1":{"start":{"line":1,"column":0},"end":{"line":4,"column":22}},"2":{"start":{"line":6,"column":0},"end":{"line":6,"column":30}},"3":{"start":{"line":8,"column":0},"end":{"line":24,"column":1}},"4":{"start":{"line":9,"column":1},"end":{"line":9,"column":22}},"5":{"start":{"line":10,"column":1},"end":{"line":10,"column":32}},"6":{"start":{"line":12,"column":1},"end":{"line":12,"column":24}},"7":{"start":{"line":13,"column":1},"end":{"line":13,"column":32}},"8":{"start":{"line":15,"column":1},"end":{"line":17,"column":3}},"9":{"start":{"line":16,"column":2},"end":{"line":16,"column":35}},"10":{"start":{"line":19,"column":1},"end":{"line":21,"column":3}},"11":{"start":{"line":20,"column":2},"end":{"line":20,"column":38}},"12":{"start":{"line":23,"column":1},"end":{"line":23,"column":66}},"13":{"start":{"line":23,"column":33},"end":{"line":23,"column":66}},"14":{"start":{"line":26,"column":0},"end":{"line":31,"column":2}},"15":{"start":{"line":27,"column":1},"end":{"line":28,"column":46}},"16":{"start":{"line":30,"column":1},"end":{"line":30,"column":51}},"17":{"start":{"line":33,"column":0},"end":{"line":35,"column":2}},"18":{"start":{"line":34,"column":1},"end":{"line":34,"column":25}},"19":{"start":{"line":37,"column":0},"end":{"line":50,"column":2}},"20":{"start":{"line":38,"column":1},"end":{"line":38,"column":21}},"21":{"start":{"line":40,"column":1},"end":{"line":41,"column":84}},"22":{"start":{"line":43,"column":1},"end":{"line":43,"column":17}},"23":{"start":{"line":45,"column":1},"end":{"line":47,"column":4}},"24":{"start":{"line":46,"column":2},"end":{"line":46,"column":21}},"25":{"start":{"line":49,"column":1},"end":{"line":49,"column":13}},"26":{"start":{"line":52,"column":0},"end":{"line":55,"column":2}},"27":{"start":{"line":53,"column":1},"end":{"line":53,"column":48}},"28":{"start":{"line":54,"column":1},"end":{"line":54,"column":13}},"29":{"start":{"line":57,"column":0},"end":{"line":60,"column":2}},"30":{"start":{"line":58,"column":1},"end":{"line":58,"column":60}},"31":{"start":{"line":59,"column":1},"end":{"line":59,"column":13}},"32":{"start":{"line":62,"column":0},"end":{"line":62,"column":19}}},"branchMap":{"1":{"line":23,"type":"if","locations":[{"start":{"line":23,"column":1},"end":{"line":23,"column":1}},{"start":{"line":23,"column":1},"end":{"line":23,"column":1}}]},"2":{"line":23,"type":"binary-expr","locations":[{"start":{"line":23,"column":4},"end":{"line":23,"column":11}},{"start":{"line":23,"column":15},"end":{"line":23,"column":31}}]}},"l":{"1":1,"6":1,"8":1,"9":10,"10":9,"12":9,"13":9,"15":9,"16":1,"19":9,"20":1,"23":9,"26":1,"27":2,"30":2,"33":1,"34":1,"37":1,"38":2,"40":2,"43":2,"45":2,"46":1,"49":2,"52":1,"53":2,"54":2,"57":1,"58":1,"59":1,"62":1}},
"/Users/ozan/code/p/lib/WebSocketConnection.js":{"path":"/Users/ozan/code/p/lib/WebSocketConnection.js","s":{"1":1,"2":1,"3":1,"4":0,"5":1,"6":12,"7":12,"8":8,"9":8,"10":7,"11":1,"12":7,"13":1,"14":7,"15":1,"16":7,"17":1,"18":1,"19":0,"20":0,"21":1,"22":1,"23":2,"24":0,"25":1,"26":1,"27":1,"28":1,"29":1,"30":0,"31":0,"32":1,"33":0,"34":1},"b":{"1":[0,1],"2":[0,1,0,1],"3":[0,0,1,0]},"f":{"1":12,"2":1,"3":1,"4":1,"5":1,"6":0,"7":2,"8":1},"fnMap":{"1":{"name":"WebSocketConnection","line":14,"loc":{"start":{"line":14,"column":0},"end":{"line":14,"column":64}}},"2":{"name":"(anonymous_2)","line":23,"loc":{"start":{"line":23,"column":44},"end":{"line":23,"column":61}}},"3":{"name":"(anonymous_3)","line":27,"loc":{"start":{"line":27,"column":41},"end":{"line":27,"column":56}}},"4":{"name":"(anonymous_4)","line":31,"loc":{"start":{"line":31,"column":42},"end":{"line":31,"column":57}}},"5":{"name":"(anonymous_5)","line":35,"loc":{"start":{"line":35,"column":42},"end":{"line":35,"column":57}}},"6":{"name":"(anonymous_6)","line":40,"loc":{"start":{"line":40,"column":29},"end":{"line":40,"column":62}}},"7":{"name":"(anonymous_7)","line":46,"loc":{"start":{"line":46,"column":41},"end":{"line":46,"column":58}}},"8":{"name":"(anonymous_8)","line":61,"loc":{"start":{"line":61,"column":46},"end":{"line":61,"column":56}}}},"statementMap":{"1":{"start":{"line":1,"column":0},"end":{"line":1,"column":44}},"2":{"start":{"line":3,"column":0},"end":{"line":8,"column":2}},"3":{"start":{"line":10,"column":0},"end":{"line":12,"column":1}},"4":{"start":{"line":11,"column":1},"end":{"line":11,"column":28}},"5":{"start":{"line":14,"column":0},"end":{"line":38,"column":1}},"6":{"start":{"line":15,"column":1},"end":{"line":15,"column":17}},"7":{"start":{"line":17,"column":1},"end":{"line":17,"column":48}},"8":{"start":{"line":19,"column":1},"end":{"line":19,"column":28}},"9":{"start":{"line":21,"column":1},"end":{"line":21,"column":46}},"10":{"start":{"line":23,"column":1},"end":{"line":25,"column":4}},"11":{"start":{"line":24,"column":2},"end":{"line":24,"column":29}},"12":{"start":{"line":27,"column":1},"end":{"line":29,"column":4}},"13":{"start":{"line":28,"column":2},"end":{"line":28,"column":35}},"14":{"start":{"line":31,"column":1},"end":{"line":33,"column":4}},"15":{"start":{"line":32,"column":2},"end":{"line":32,"column":36}},"16":{"start":{"line":35,"column":1},"end":{"line":37,"column":4}},"17":{"start":{"line":36,"column":2},"end":{"line":36,"column":36}},"18":{"start":{"line":40,"column":0},"end":{"line":43,"column":2}},"19":{"start":{"line":41,"column":1},"end":{"line":41,"column":85}},"20":{"start":{"line":42,"column":1},"end":{"line":42,"column":68}},"21":{"start":{"line":45,"column":0},"end":{"line":45,"column":68}},"22":{"start":{"line":46,"column":0},"end":{"line":59,"column":2}},"23":{"start":{"line":47,"column":1},"end":{"line":58,"column":2}},"24":{"start":{"line":49,"column":3},"end":{"line":49,"column":71}},"25":{"start":{"line":52,"column":3},"end":{"line":52,"column":32}},"26":{"start":{"line":53,"column":3},"end":{"line":53,"column":9}},"27":{"start":{"line":57,"column":3},"end":{"line":57,"column":81}},"28":{"start":{"line":61,"column":0},"end":{"line":72,"column":2}},"29":{"start":{"line":62,"column":1},"end":{"line":71,"column":2}},"30":{"start":{"line":64,"column":3},"end":{"line":64,"column":23}},"31":{"start":{"line":66,"column":3},"end":{"line":66,"column":17}},"32":{"start":{"line":68,"column":3},"end":{"line":68,"column":20}},"33":{"start":{"line":70,"column":3},"end":{"line":70,"column":19}},"34":{"start":{"line":74,"column":0},"end":{"line":74,"column":37}}},"branchMap":{"1":{"line":10,"type":"if","locations":[{"start":{"line":10,"column":0},"end":{"line":10,"column":0}},{"start":{"line":10,"column":0},"end":{"line":10,"column":0}}]},"2":{"line":47,"type":"switch","locations":[{"start":{"line":48,"column":2},"end":{"line":49,"column":71}},{"start":{"line":51,"column":2},"end":{"line":53,"column":9}},{"start":{"line":55,"column":2},"end":{"line":55,"column":30}},{"start":{"line":56,"column":2},"end":{"line":57,"column":81}}]},"3":{"line":62,"type":"switch","locations":[{"start":{"line":63,"column":2},"end":{"line":64,"column":23}},{"start":{"line":65,"column":2},"end":{"line":66,"column":17}},{"start":{"line":67,"column":2},"end":{"line":68,"column":20}},{"start":{"line":69,"column":2},"end":{"line":70,"column":19}}]}},"l":{"1":1,"3":1,"10":1,"11":0,"14":1,"15":12,"17":12,"19":8,"21":8,"23":7,"24":1,"27":7,"28":1,"31":7,"32":1,"35":7,"36":1,"40":1,"41":0,"42":0,"45":1,"46":1,"47":2,"49":0,"52":1,"53":1,"57":1,"61":1,"62":1,"64":0,"66":0,"68":1,"70":0,"74":1}},
"/Users/ozan/code/p/lib/WebRtcConnection.js":{"path":"/Users/ozan/code/p/lib/WebRtcConnection.js","s":{"1":1,"2":1,"3":1,"4":1,"5":1,"6":1,"7":0,"8":0,"9":1,"10":0,"11":0,"12":0,"13":0,"14":0,"15":0,"16":0,"17":0,"18":0,"19":0,"20":0,"21":0,"22":0,"23":0,"24":0,"25":0,"26":0,"27":0,"28":0,"29":0,"30":0,"31":0,"32":0,"33":0,"34":0,"35":0,"36":0,"37":0,"38":0,"39":0,"40":0,"41":0,"42":0,"43":0,"44":0,"45":0,"46":0,"47":1,"48":1,"49":1,"50":0,"51":0,"52":1,"53":1,"54":0,"55":0,"56":0,"57":0,"58":0,"59":0,"60":1,"61":0,"62":0,"63":1,"64":0,"65":0,"66":1,"67":0,"68":1,"69":0,"70":1,"71":0,"72":0,"73":0,"74":0,"75":1,"76":0,"77":1,"78":0,"79":0,"80":0,"81":0,"82":1,"83":0,"84":1,"85":1},"b":{"1":[0,1],"2":[0,1],"3":[0,1],"4":[0,1],"5":[0,1],"6":[0,1],"7":[0,1],"8":[0,1],"9":[1,0],"10":[0,0],"11":[0,0],"12":[0,0,0,0],"13":[0,0]},"f":{"1":0,"2":0,"3":0,"4":0,"5":0,"6":0,"7":0,"8":0,"9":0,"10":0,"11":0,"12":0,"13":0,"14":0,"15":0,"16":0,"17":0,"18":0,"19":0,"20":0,"21":0,"22":0,"23":0,"24":0,"25":0},"fnMap":{"1":{"name":"(anonymous_1)","line":26,"loc":{"start":{"line":26,"column":10},"end":{"line":26,"column":20}}},"2":{"name":"(anonymous_2)","line":29,"loc":{"start":{"line":29,"column":7},"end":{"line":29,"column":34}}},"3":{"name":"WebRTCConnection","line":34,"loc":{"start":{"line":34,"column":0},"end":{"line":34,"column":83}}},"4":{"name":"(anonymous_4)","line":56,"loc":{"start":{"line":56,"column":53},"end":{"line":56,"column":68}}},"5":{"name":"(anonymous_5)","line":62,"loc":{"start":{"line":62,"column":52},"end":{"line":62,"column":67}}},"6":{"name":"(anonymous_6)","line":66,"loc":{"start":{"line":66,"column":42},"end":{"line":66,"column":57}}},"7":{"name":"(anonymous_7)","line":71,"loc":{"start":{"line":71,"column":43},"end":{"line":71,"column":58}}},"8":{"name":"(anonymous_8)","line":76,"loc":{"start":{"line":76,"column":43},"end":{"line":76,"column":58}}},"9":{"name":"(anonymous_9)","line":82,"loc":{"start":{"line":82,"column":49},"end":{"line":82,"column":66}}},"10":{"name":"(anonymous_10)","line":87,"loc":{"start":{"line":87,"column":47},"end":{"line":87,"column":62}}},"11":{"name":"(anonymous_11)","line":92,"loc":{"start":{"line":92,"column":47},"end":{"line":92,"column":62}}},"12":{"name":"(anonymous_12)","line":106,"loc":{"start":{"line":106,"column":26},"end":{"line":106,"column":76}}},"13":{"name":"(anonymous_13)","line":115,"loc":{"start":{"line":115,"column":38},"end":{"line":115,"column":55}}},"14":{"name":"(anonymous_14)","line":129,"loc":{"start":{"line":129,"column":40},"end":{"line":129,"column":61}}},"15":{"name":"(anonymous_15)","line":135,"loc":{"start":{"line":135,"column":39},"end":{"line":135,"column":60}}},"16":{"name":"(anonymous_16)","line":140,"loc":{"start":{"line":140,"column":46},"end":{"line":140,"column":65}}},"17":{"name":"(anonymous_17)","line":144,"loc":{"start":{"line":144,"column":41},"end":{"line":144,"column":51}}},"18":{"name":"onError","line":150,"loc":{"start":{"line":150,"column":1},"end":{"line":150,"column":22}}},"19":{"name":"(anonymous_19)","line":152,"loc":{"start":{"line":152,"column":28},"end":{"line":152,"column":49}}},"20":{"name":"(anonymous_20)","line":153,"loc":{"start":{"line":153,"column":49},"end":{"line":153,"column":59}}},"21":{"name":"(anonymous_21)","line":159,"loc":{"start":{"line":159,"column":40},"end":{"line":159,"column":56}}},"22":{"name":"onError","line":165,"loc":{"start":{"line":165,"column":1},"end":{"line":165,"column":22}}},"23":{"name":"(anonymous_23)","line":167,"loc":{"start":{"line":167,"column":27},"end":{"line":167,"column":48}}},"24":{"name":"(anonymous_24)","line":168,"loc":{"start":{"line":168,"column":49},"end":{"line":168,"column":59}}},"25":{"name":"(anonymous_25)","line":174,"loc":{"start":{"line":174,"column":43},"end":{"line":174,"column":53}}}},"statementMap":{"1":{"start":{"line":11,"column":0},"end":{"line":12,"column":22}},"2":{"start":{"line":14,"column":0},"end":{"line":17,"column":19}},"3":{"start":{"line":19,"column":0},"end":{"line":21,"column":20}},"4":{"start":{"line":22,"column":0},"end":{"line":24,"column":17}},"5":{"start":{"line":26,"column":0},"end":{"line":26,"column":23}},"6":{"start":{"line":28,"column":0},"end":{"line":32,"column":1}},"7":{"start":{"line":29,"column":1},"end":{"line":31,"column":3}},"8":{"start":{"line":30,"column":2},"end":{"line":30,"column":42}},"9":{"start":{"line":34,"column":0},"end":{"line":96,"column":1}},"10":{"start":{"line":35,"column":1},"end":{"line":35,"column":17}},"11":{"start":{"line":37,"column":1},"end":{"line":37,"column":21}},"12":{"start":{"line":38,"column":1},"end":{"line":38,"column":20}},"13":{"start":{"line":39,"column":1},"end":{"line":39,"column":28}},"14":{"start":{"line":40,"column":1},"end":{"line":40,"column":31}},"15":{"start":{"line":42,"column":1},"end":{"line":42,"column":48}},"16":{"start":{"line":44,"column":1},"end":{"line":44,"column":42}},"17":{"start":{"line":45,"column":1},"end":{"line":45,"column":36}},"18":{"start":{"line":46,"column":1},"end":{"line":46,"column":107}},"19":{"start":{"line":51,"column":1},"end":{"line":51,"column":51}},"20":{"start":{"line":54,"column":1},"end":{"line":54,"column":54}},"21":{"start":{"line":56,"column":1},"end":{"line":60,"column":4}},"22":{"start":{"line":57,"column":2},"end":{"line":57,"column":30}},"23":{"start":{"line":57,"column":23},"end":{"line":57,"column":30}},"24":{"start":{"line":58,"column":2},"end":{"line":58,"column":36}},"25":{"start":{"line":59,"column":2},"end":{"line":59,"column":73}},"26":{"start":{"line":62,"column":1},"end":{"line":80,"column":4}},"27":{"start":{"line":63,"column":2},"end":{"line":63,"column":34}},"28":{"start":{"line":65,"column":2},"end":{"line":65,"column":59}},"29":{"start":{"line":66,"column":2},"end":{"line":69,"column":5}},"30":{"start":{"line":67,"column":3},"end":{"line":67,"column":47}},"31":{"start":{"line":68,"column":3},"end":{"line":68,"column":36}},"32":{"start":{"line":71,"column":2},"end":{"line":74,"column":5}},"33":{"start":{"line":72,"column":3},"end":{"line":72,"column":48}},"34":{"start":{"line":73,"column":3},"end":{"line":73,"column":37}},"35":{"start":{"line":76,"column":2},"end":{"line":79,"column":5}},"36":{"start":{"line":77,"column":3},"end":{"line":77,"column":48}},"37":{"start":{"line":78,"column":3},"end":{"line":78,"column":37}},"38":{"start":{"line":82,"column":1},"end":{"line":85,"column":4}},"39":{"start":{"line":83,"column":2},"end":{"line":83,"column":50}},"40":{"start":{"line":84,"column":2},"end":{"line":84,"column":29}},"41":{"start":{"line":87,"column":1},"end":{"line":90,"column":4}},"42":{"start":{"line":88,"column":2},"end":{"line":88,"column":46}},"43":{"start":{"line":89,"column":2},"end":{"line":89,"column":36}},"44":{"start":{"line":92,"column":1},"end":{"line":95,"column":4}},"45":{"start":{"line":93,"column":2},"end":{"line":93,"column":46}},"46":{"start":{"line":94,"column":2},"end":{"line":94,"column":36}},"47":{"start":{"line":98,"column":0},"end":{"line":98,"column":37}},"48":{"start":{"line":99,"column":0},"end":{"line":103,"column":2}},"49":{"start":{"line":106,"column":0},"end":{"line":111,"column":2}},"50":{"start":{"line":107,"column":1},"end":{"line":108,"column":64}},"51":{"start":{"line":110,"column":1},"end":{"line":110,"column":94}},"52":{"start":{"line":113,"column":0},"end":{"line":113,"column":65}},"53":{"start":{"line":115,"column":0},"end":{"line":127,"column":2}},"54":{"start":{"line":116,"column":1},"end":{"line":126,"column":2}},"55":{"start":{"line":118,"column":3},"end":{"line":118,"column":76}},"56":{"start":{"line":120,"column":3},"end":{"line":120,"column":37}},"57":{"start":{"line":121,"column":3},"end":{"line":121,"column":48}},"58":{"start":{"line":122,"column":3},"end":{"line":122,"column":9}},"59":{"start":{"line":125,"column":3},"end":{"line":125,"column":86}},"60":{"start":{"line":129,"column":0},"end":{"line":133,"column":2}},"61":{"start":{"line":130,"column":1},"end":{"line":130,"column":74}},"62":{"start":{"line":132,"column":1},"end":{"line":132,"column":64}},"63":{"start":{"line":135,"column":0},"end":{"line":138,"column":2}},"64":{"start":{"line":136,"column":1},"end":{"line":136,"column":74}},"65":{"start":{"line":137,"column":1},"end":{"line":137,"column":64}},"66":{"start":{"line":140,"column":0},"end":{"line":142,"column":2}},"67":{"start":{"line":141,"column":1},"end":{"line":141,"column":74}},"68":{"start":{"line":144,"column":0},"end":{"line":157,"column":2}},"69":{"start":{"line":145,"column":1},"end":{"line":148,"column":43}},"70":{"start":{"line":150,"column":1},"end":{"line":150,"column":53}},"71":{"start":{"line":150,"column":24},"end":{"line":150,"column":51}},"72":{"start":{"line":152,"column":1},"end":{"line":156,"column":13}},"73":{"start":{"line":153,"column":2},"end":{"line":155,"column":14}},"74":{"start":{"line":154,"column":3},"end":{"line":154,"column":59}},"75":{"start":{"line":159,"column":0},"end":{"line":172,"column":2}},"76":{"start":{"line":160,"column":1},"end":{"line":163,"column":43}},"77":{"start":{"line":165,"column":1},"end":{"line":165,"column":53}},"78":{"start":{"line":165,"column":24},"end":{"line":165,"column":51}},"79":{"start":{"line":167,"column":1},"end":{"line":171,"column":66}},"80":{"start":{"line":168,"column":2},"end":{"line":170,"column":14}},"81":{"start":{"line":169,"column":3},"end":{"line":169,"column":76}},"82":{"start":{"line":174,"column":0},"end":{"line":176,"column":2}},"83":{"start":{"line":175,"column":1},"end":{"line":175,"column":39}},"84":{"start":{"line":179,"column":0},"end":{"line":179,"column":60}},"85":{"start":{"line":181,"column":0},"end":{"line":181,"column":34}}},"branchMap":{"1":{"line":14,"type":"cond-expr","locations":[{"start":{"line":14,"column":74},"end":{"line":14,"column":91}},{"start":{"line":15,"column":9},"end":{"line":17,"column":18}}]},"2":{"line":15,"type":"cond-expr","locations":[{"start":{"line":15,"column":59},"end":{"line":15,"column":82}},{"start":{"line":16,"column":9},"end":{"line":17,"column":18}}]},"3":{"line":16,"type":"cond-expr","locations":[{"start":{"line":16,"column":56},"end":{"line":16,"column":76}},{"start":{"line":17,"column":9},"end":{"line":17,"column":18}}]},"4":{"line":19,"type":"cond-expr","locations":[{"start":{"line":19,"column":82},"end":{"line":19,"column":103}},{"start":{"line":20,"column":10},"end":{"line":21,"column":19}}]},"5":{"line":20,"type":"cond-expr","locations":[{"start":{"line":20,"column":61},"end":{"line":20,"column":85}},{"start":{"line":21,"column":10},"end":{"line":21,"column":19}}]},"6":{"line":22,"type":"cond-expr","locations":[{"start":{"line":22,"column":70},"end":{"line":22,"column":85}},{"start":{"line":23,"column":7},"end":{"line":24,"column":16}}]},"7":{"line":23,"type":"cond-expr","locations":[{"start":{"line":23,"column":52},"end":{"line":23,"column":70}},{"start":{"line":24,"column":7},"end":{"line":24,"column":16}}]},"8":{"line":28,"type":"if","locations":[{"start":{"line":28,"column":0},"end":{"line":28,"column":0}},{"start":{"line":28,"column":0},"end":{"line":28,"column":0}}]},"9":{"line":28,"type":"binary-expr","locations":[{"start":{"line":28,"column":3},"end":{"line":28,"column":32}},{"start":{"line":28,"column":36},"end":{"line":28,"column":62}}]},"10":{"line":57,"type":"if","locations":[{"start":{"line":57,"column":2},"end":{"line":57,"column":2}},{"start":{"line":57,"column":2},"end":{"line":57,"column":2}}]},"11":{"line":107,"type":"binary-expr","locations":[{"start":{"line":107,"column":24},"end":{"line":107,"column":47}},{"start":{"line":107,"column":51},"end":{"line":107,"column":76}}]},"12":{"line":116,"type":"switch","locations":[{"start":{"line":117,"column":2},"end":{"line":118,"column":76}},{"start":{"line":119,"column":2},"end":{"line":122,"column":9}},{"start":{"line":123,"column":2},"end":{"line":123,"column":17}},{"start":{"line":124,"column":2},"end":{"line":125,"column":86}}]},"13":{"line":171,"type":"binary-expr","locations":[{"start":{"line":171,"column":13},"end":{"line":171,"column":35}},{"start":{"line":171,"column":39},"end":{"line":171,"column":64}}]}},"l":{"11":1,"14":1,"19":1,"22":1,"26":1,"28":1,"29":0,"30":0,"34":1,"35":0,"37":0,"38":0,"39":0,"40":0,"42":0,"44":0,"45":0,"46":0,"51":0,"54":0,"56":0,"57":0,"58":0,"59":0,"62":0,"63":0,"65":0,"66":0,"67":0,"68":0,"71":0,"72":0,"73":0,"76":0,"77":0,"78":0,"82":0,"83":0,"84":0,"87":0,"88":0,"89":0,"92":0,"93":0,"94":0,"98":1,"99":1,"106":1,"107":0,"110":0,"113":1,"115":1,"116":0,"118":0,"120":0,"121":0,"122":0,"125":0,"129":1,"130":0,"132":0,"135":1,"136":0,"137":0,"140":1,"141":0,"144":1,"145":0,"150":1,"152":0,"153":0,"154":0,"159":1,"160":0,"165":1,"167":0,"168":0,"169":0,"174":1,"175":0,"179":1,"181":1}}}
