TN:
SF:/Users/ozan/code/p/lib/Connection.js
FN:5,notImplemented
FN:9,Connection
FN:31,(anonymous_3)
FN:36,(anonymous_4)
FN:43,(anonymous_5)
FN:47,(anonymous_6)
FN:51,(anonymous_7)
FN:55,isString
FN:59,(anonymous_9)
FN:72,(anonymous_10)
FN:82,(anonymous_11)
FN:86,(anonymous_12)
FN:90,(anonymous_13)
FN:94,(anonymous_14)
FN:105,(anonymous_15)
FN:116,(anonymous_16)
FN:124,(anonymous_17)
FN:135,(anonymous_18)
FN:149,(anonymous_19)
FNF:19
FNH:15
FNDA:3,notImplemented
FNDA:37,Connection
FNDA:0,(anonymous_3)
FNDA:0,(anonymous_4)
FNDA:3,(anonymous_5)
FNDA:3,(anonymous_6)
FNDA:0,(anonymous_7)
FNDA:2,isString
FNDA:2,(anonymous_9)
FNDA:1,(anonymous_10)
FNDA:1,(anonymous_11)
FNDA:0,(anonymous_12)
FNDA:3,(anonymous_13)
FNDA:1,(anonymous_14)
FNDA:1,(anonymous_15)
FNDA:4,(anonymous_16)
FNDA:2,(anonymous_17)
FNDA:1,(anonymous_18)
FNDA:1,(anonymous_19)
DA:1,1
DA:5,1
DA:6,3
DA:9,1
DA:10,37
DA:11,32
DA:13,30
DA:14,30
DA:16,30
DA:17,15
DA:18,15
DA:21,30
DA:25,1
DA:27,1
DA:29,1
DA:31,1
DA:32,0
DA:33,0
DA:36,1
DA:37,0
DA:38,0
DA:41,1
DA:43,1
DA:44,3
DA:47,1
DA:48,3
DA:51,1
DA:52,0
DA:55,1
DA:56,2
DA:59,1
DA:60,2
DA:61,1
DA:64,2
DA:68,2
DA:70,2
DA:72,2
DA:73,1
DA:74,1
DA:77,2
DA:79,2
DA:82,1
DA:83,1
DA:86,1
DA:87,0
DA:90,1
DA:91,3
DA:94,1
DA:95,1
DA:97,1
DA:98,0
DA:99,0
DA:102,1
DA:105,1
DA:106,1
DA:108,1
DA:109,0
DA:110,0
DA:113,1
DA:116,1
DA:117,4
DA:119,3
DA:122,3
DA:124,3
DA:125,2
DA:126,2
DA:129,3
DA:130,3
DA:132,3
DA:135,1
DA:136,1
DA:138,1
DA:139,0
DA:140,0
DA:143,1
DA:146,1
DA:147,1
DA:149,1
DA:150,1
DA:153,1
LF:80
LH:68
BRDA:16,1,0,15
BRDA:16,1,1,15
BRDA:17,2,0,15
BRDA:17,2,1,0
BRDA:18,3,0,0
BRDA:18,3,1,15
BRDA:21,4,0,15
BRDA:21,4,1,15
BRDA:60,5,0,1
BRDA:60,5,1,1
BRDA:65,6,0,2
BRDA:65,6,1,2
BRDA:97,7,0,0
BRDA:97,7,1,1
BRDA:108,8,0,0
BRDA:108,8,1,1
BRDA:117,9,0,1
BRDA:117,9,1,3
BRDA:138,10,0,0
BRDA:138,10,1,1
BRF:20
BRH:15
end_of_record
TN:
SF:/Users/ozan/code/p/lib/JSONProtocol.js
FN:1,notImplemented
FN:5,JSONProtocol
FN:20,(anonymous_3)
FN:28,(anonymous_4)
FN:60,(anonymous_5)
FN:95,(anonymous_6)
FN:100,(anonymous_7)
FN:108,(anonymous_8)
FN:115,(anonymous_9)
FN:123,(anonymous_10)
FN:131,(anonymous_11)
FN:138,(anonymous_12)
FN:145,(anonymous_13)
FNF:13
FNH:8
FNDA:7,notImplemented
FNDA:10,JSONProtocol
FNDA:2,(anonymous_3)
FNDA:7,(anonymous_4)
FNDA:3,(anonymous_5)
FNDA:1,(anonymous_6)
FNDA:2,(anonymous_7)
FNDA:1,(anonymous_8)
FNDA:0,(anonymous_9)
FNDA:0,(anonymous_10)
FNDA:0,(anonymous_11)
FNDA:0,(anonymous_12)
FNDA:0,(anonymous_13)
DA:1,1
DA:2,7
DA:5,1
DA:7,1
DA:9,1
DA:20,1
DA:21,2
DA:22,1
DA:24,1
DA:28,1
DA:29,7
DA:32,7
DA:35,1
DA:36,1
DA:43,3
DA:44,3
DA:52,1
DA:53,1
DA:56,2
DA:60,1
DA:61,3
DA:64,3
DA:67,1
DA:68,1
DA:72,1
DA:73,1
DA:77,1
DA:78,1
DA:81,0
DA:85,1
DA:86,1
DA:87,1
DA:89,1
DA:90,1
DA:91,1
DA:93,1
DA:95,1
DA:96,1
DA:97,1
DA:100,1
DA:101,2
DA:102,1
DA:104,1
DA:108,1
DA:109,1
DA:115,1
DA:116,0
DA:123,1
DA:124,0
DA:131,1
DA:132,0
DA:138,1
DA:139,0
DA:145,1
DA:146,0
DA:153,1
LF:56
LH:50
BRDA:21,1,0,1
BRDA:21,1,1,1
BRDA:32,2,0,1
BRDA:32,2,1,3
BRDA:32,2,2,1
BRDA:32,2,3,2
BRDA:64,3,0,1
BRDA:64,3,1,1
BRDA:64,3,2,1
BRDA:64,3,3,0
BRDA:101,4,0,1
BRDA:101,4,1,1
BRF:12
BRH:11
end_of_record
TN:
SF:/Users/ozan/code/p/lib/ConnectionManager.js
FN:3,noop
FN:5,ConnectionManager
FN:10,(anonymous_3)
FN:16,(anonymous_4)
FN:32,(anonymous_5)
FNF:5
FNH:5
FNDA:8,noop
FNDA:10,ConnectionManager
FNDA:10,(anonymous_3)
FNDA:11,(anonymous_4)
FNDA:4,(anonymous_5)
DA:1,1
DA:3,1
DA:5,1
DA:6,10
DA:7,10
DA:10,1
DA:11,10
DA:13,1
DA:16,1
DA:17,11
DA:19,11
DA:20,11
DA:22,10
DA:24,8
DA:25,8
DA:27,8
DA:28,8
DA:30,1
DA:32,1
DA:33,4
DA:35,4
DA:36,4
DA:38,4
DA:39,4
DA:41,2
DA:43,2
DA:44,2
DA:46,2
DA:47,2
DA:49,1
DA:51,1
LF:31
LH:31
BRDA:11,1,0,9
BRDA:11,1,1,1
BRDA:22,2,0,2
BRDA:22,2,1,8
BRDA:39,3,0,2
BRDA:39,3,1,2
BRDA:39,4,0,4
BRDA:39,4,1,3
BRF:8
BRH:8
end_of_record
TN:
SF:/Users/ozan/code/p/lib/init.js
FNF:0
FNH:0
DA:1,1
LF:1
LH:1
BRF:0
BRH:0
end_of_record
TN:
SF:/Users/ozan/code/p/lib/P.js
FN:8,P
FN:15,(anonymous_2)
FN:19,(anonymous_3)
FN:26,(anonymous_4)
FN:33,(anonymous_5)
FN:37,(anonymous_6)
FN:45,(anonymous_7)
FN:52,(anonymous_8)
FN:57,(anonymous_9)
FNF:9
FNH:9
FNDA:10,P
FNDA:1,(anonymous_2)
FNDA:1,(anonymous_3)
FNDA:2,(anonymous_4)
FNDA:1,(anonymous_5)
FNDA:2,(anonymous_6)
FNDA:1,(anonymous_7)
FNDA:2,(anonymous_8)
FNDA:1,(anonymous_9)
DA:1,1
DA:6,1
DA:8,1
DA:9,10
DA:10,9
DA:12,9
DA:13,9
DA:15,9
DA:16,1
DA:19,9
DA:20,1
DA:23,9
DA:26,1
DA:27,2
DA:30,2
DA:33,1
DA:34,1
DA:37,1
DA:38,2
DA:40,2
DA:43,2
DA:45,2
DA:46,1
DA:49,2
DA:52,1
DA:53,2
DA:54,2
DA:57,1
DA:58,1
DA:59,1
DA:62,1
LF:31
LH:31
BRDA:23,1,0,0
BRDA:23,1,1,9
BRDA:23,2,0,9
BRDA:23,2,1,0
BRF:4
BRH:2
end_of_record
TN:
SF:/Users/ozan/code/p/lib/WebSocketConnection.js
FN:14,WebSocketConnection
FN:23,(anonymous_2)
FN:27,(anonymous_3)
FN:31,(anonymous_4)
FN:35,(anonymous_5)
FN:40,(anonymous_6)
FN:46,(anonymous_7)
FN:61,(anonymous_8)
FNF:8
FNH:7
FNDA:12,WebSocketConnection
FNDA:1,(anonymous_2)
FNDA:1,(anonymous_3)
FNDA:1,(anonymous_4)
FNDA:1,(anonymous_5)
FNDA:0,(anonymous_6)
FNDA:2,(anonymous_7)
FNDA:1,(anonymous_8)
DA:1,1
DA:3,1
DA:10,1
DA:11,0
DA:14,1
DA:15,12
DA:17,12
DA:19,8
DA:21,8
DA:23,7
DA:24,1
DA:27,7
DA:28,1
DA:31,7
DA:32,1
DA:35,7
DA:36,1
DA:40,1
DA:41,0
DA:42,0
DA:45,1
DA:46,1
DA:47,2
DA:49,0
DA:52,1
DA:53,1
DA:57,1
DA:61,1
DA:62,1
DA:64,0
DA:66,0
DA:68,1
DA:70,0
DA:74,1
LF:34
LH:27
BRDA:10,1,0,0
BRDA:10,1,1,1
BRDA:47,2,0,0
BRDA:47,2,1,1
BRDA:47,2,2,0
BRDA:47,2,3,1
BRDA:62,3,0,0
BRDA:62,3,1,0
BRDA:62,3,2,1
BRDA:62,3,3,0
BRF:10
BRH:4
end_of_record
TN:
SF:/Users/ozan/code/p/lib/WebRtcConnection.js
FN:26,(anonymous_1)
FN:29,(anonymous_2)
FN:34,WebRTCConnection
FN:56,(anonymous_4)
FN:62,(anonymous_5)
FN:66,(anonymous_6)
FN:71,(anonymous_7)
FN:76,(anonymous_8)
FN:82,(anonymous_9)
FN:87,(anonymous_10)
FN:92,(anonymous_11)
FN:106,(anonymous_12)
FN:115,(anonymous_13)
FN:129,(anonymous_14)
FN:135,(anonymous_15)
FN:140,(anonymous_16)
FN:144,(anonymous_17)
FN:150,onError
FN:152,(anonymous_19)
FN:153,(anonymous_20)
FN:159,(anonymous_21)
FN:165,onError
FN:167,(anonymous_23)
FN:168,(anonymous_24)
FN:174,(anonymous_25)
FNF:25
FNH:0
FNDA:0,(anonymous_1)
FNDA:0,(anonymous_2)
FNDA:0,WebRTCConnection
FNDA:0,(anonymous_4)
FNDA:0,(anonymous_5)
FNDA:0,(anonymous_6)
FNDA:0,(anonymous_7)
FNDA:0,(anonymous_8)
FNDA:0,(anonymous_9)
FNDA:0,(anonymous_10)
FNDA:0,(anonymous_11)
FNDA:0,(anonymous_12)
FNDA:0,(anonymous_13)
FNDA:0,(anonymous_14)
FNDA:0,(anonymous_15)
FNDA:0,(anonymous_16)
FNDA:0,(anonymous_17)
FNDA:0,onError
FNDA:0,(anonymous_19)
FNDA:0,(anonymous_20)
FNDA:0,(anonymous_21)
FNDA:0,onError
FNDA:0,(anonymous_23)
FNDA:0,(anonymous_24)
FNDA:0,(anonymous_25)
DA:11,1
DA:14,1
DA:19,1
DA:22,1
DA:26,1
DA:28,1
DA:29,0
DA:30,0
DA:34,1
DA:35,0
DA:37,0
DA:38,0
DA:39,0
DA:40,0
DA:42,0
DA:44,0
DA:45,0
DA:46,0
DA:51,0
DA:54,0
DA:56,0
DA:57,0
DA:58,0
DA:59,0
DA:62,0
DA:63,0
DA:65,0
DA:66,0
DA:67,0
DA:68,0
DA:71,0
DA:72,0
DA:73,0
DA:76,0
DA:77,0
DA:78,0
DA:82,0
DA:83,0
DA:84,0
DA:87,0
DA:88,0
DA:89,0
DA:92,0
DA:93,0
DA:94,0
DA:98,1
DA:99,1
DA:106,1
DA:107,0
DA:110,0
DA:113,1
DA:115,1
DA:116,0
DA:118,0
DA:120,0
DA:121,0
DA:122,0
DA:125,0
DA:129,1
DA:130,0
DA:132,0
DA:135,1
DA:136,0
DA:137,0
DA:140,1
DA:141,0
DA:144,1
DA:145,0
DA:150,1
DA:152,0
DA:153,0
DA:154,0
DA:159,1
DA:160,0
DA:165,1
DA:167,0
DA:168,0
DA:169,0
DA:174,1
DA:175,0
DA:179,1
DA:181,1
LF:82
LH:22
BRDA:14,1,0,0
BRDA:14,1,1,1
BRDA:15,2,0,0
BRDA:15,2,1,1
BRDA:16,3,0,0
BRDA:16,3,1,1
BRDA:19,4,0,0
BRDA:19,4,1,1
BRDA:20,5,0,0
BRDA:20,5,1,1
BRDA:22,6,0,0
BRDA:22,6,1,1
BRDA:23,7,0,0
BRDA:23,7,1,1
BRDA:28,8,0,0
BRDA:28,8,1,1
BRDA:28,9,0,1
BRDA:28,9,1,0
BRDA:57,10,0,0
BRDA:57,10,1,0
BRDA:107,11,0,0
BRDA:107,11,1,0
BRDA:116,12,0,0
BRDA:116,12,1,0
BRDA:116,12,2,0
BRDA:116,12,3,0
BRDA:171,13,0,0
BRDA:171,13,1,0
BRF:28
BRH:9
end_of_record
